<?xml version="1.0" encoding="UTF-8"?>
<testng-results ignored="0" total="3" passed="3" failed="0" skipped="0">
  <reporter-output>
  </reporter-output>
  <suite started-at="2023-02-27T12:07:21 IST" name="Default suite" finished-at="2023-02-27T12:07:59 IST" duration-ms="38154">
    <groups>
    </groups>
    <test started-at="2023-02-27T12:07:21 IST" name="Default test" finished-at="2023-02-27T12:07:59 IST" duration-ms="38154">
      <class name="com.safexp.MDM.automation.pagelibraryNew.SafexpressEPaymentPage">
        <test-method is-config="true" signature="appLaunch()[pri:0, instance:com.safexp.MDM.automation.pagelibraryNew.SafexpressEPaymentPage@15ca7889]" started-at="2023-02-27T12:07:21 IST" name="appLaunch" finished-at="2023-02-27T12:07:37 IST" duration-ms="15682" status="PASS">
          <reporter-output>
          </reporter-output>
        </test-method> <!-- appLaunch -->
        <test-method is-config="true" signature="ePayment()[pri:0, instance:com.safexp.MDM.automation.pagelibraryNew.SafexpressEPaymentPage@15ca7889]" started-at="2023-02-27T12:07:37 IST" name="ePayment" finished-at="2023-02-27T12:07:38 IST" duration-ms="1760" status="PASS">
          <reporter-output>
          </reporter-output>
        </test-method> <!-- ePayment -->
        <test-method signature="epaymentNAOpt()[pri:0, instance:com.safexp.MDM.automation.pagelibraryNew.SafexpressEPaymentPage@15ca7889]" started-at="2023-02-27T12:07:38 IST" name="epaymentNAOpt" finished-at="2023-02-27T12:07:48 IST" duration-ms="9087" status="PASS">
          <reporter-output>
          </reporter-output>
        </test-method> <!-- epaymentNAOpt -->
        <test-method is-config="true" signature="ePayment()[pri:0, instance:com.safexp.MDM.automation.pagelibraryNew.SafexpressEPaymentPage@15ca7889]" started-at="2023-02-27T12:07:48 IST" name="ePayment" finished-at="2023-02-27T12:07:49 IST" duration-ms="1677" status="PASS">
          <reporter-output>
          </reporter-output>
        </test-method> <!-- ePayment -->
        <test-method signature="epaymentAutoOpt()[pri:1, instance:com.safexp.MDM.automation.pagelibraryNew.SafexpressEPaymentPage@15ca7889]" started-at="2023-02-27T12:07:49 IST" name="epaymentAutoOpt" finished-at="2023-02-27T12:07:51 IST" duration-ms="1767" status="PASS">
          <reporter-output>
          </reporter-output>
        </test-method> <!-- epaymentAutoOpt -->
        <test-method is-config="true" signature="ePayment()[pri:0, instance:com.safexp.MDM.automation.pagelibraryNew.SafexpressEPaymentPage@15ca7889]" started-at="2023-02-27T12:07:51 IST" name="ePayment" finished-at="2023-02-27T12:07:53 IST" duration-ms="1639" status="PASS">
          <reporter-output>
          </reporter-output>
        </test-method> <!-- ePayment -->
        <test-method signature="epaymentManualOpt()[pri:2, instance:com.safexp.MDM.automation.pagelibraryNew.SafexpressEPaymentPage@15ca7889]" started-at="2023-02-27T12:07:53 IST" name="epaymentManualOpt" finished-at="2023-02-27T12:07:59 IST" duration-ms="5887" status="PASS">
          <reporter-output>
          </reporter-output>
        </test-method> <!-- epaymentManualOpt -->
        <test-method is-config="true" signature="closeOpenWindow()[pri:0, instance:com.safexp.MDM.automation.pagelibraryNew.SafexpressEPaymentPage@15ca7889]" started-at="2023-02-27T12:07:59 IST" name="closeOpenWindow" finished-at="2023-02-27T12:07:59 IST" duration-ms="622" status="PASS">
          <reporter-output>
          </reporter-output>
        </test-method> <!-- closeOpenWindow -->
      </class> <!-- com.safexp.MDM.automation.pagelibraryNew.SafexpressEPaymentPage -->
    </test> <!-- Default test -->
  </suite> <!-- Default suite -->
</testng-results>
