<?xml version="1.0" encoding="UTF-8"?>
<!-- Generated by org.testng.reporters.JUnitXMLReporter -->
<testsuite ignored="0" hostname="DLI10-IT-MADHAV" failures="0" tests="3" name="Default test" time="38.154" errors="0" timestamp="2023-02-27T12:07:59 IST">
  <testcase classname="com.safexp.MDM.automation.pagelibraryNew.SafexpressEPaymentPage" name="epaymentNAOpt" time="9.087"/>
  <testcase classname="com.safexp.MDM.automation.pagelibraryNew.SafexpressEPaymentPage" name="epaymentAutoOpt" time="1.767"/>
  <testcase classname="com.safexp.MDM.automation.pagelibraryNew.SafexpressEPaymentPage" name="epaymentManualOpt" time="5.887"/>
</testsuite> <!-- Default test -->
