<?xml version="1.0" encoding="UTF-8"?>
<!-- Generated by org.testng.reporters.JUnitXMLReporter -->
<testsuite ignored="4" hostname="DLI10-IT-MADHAV" failures="0" tests="7" name="Regression Test" time="638.158" errors="0" timestamp="2023-02-24T13:01:19 IST">
  <testcase classname="com.safexp.MDM.automation.pagelibraryNew.SafexpressBookNowPage" name="bookNow" time="121.274"/>
  <testcase classname="com.safexp.MDM.automation.pagelibraryNew.SafexpressEPaymentPage" name="epaymentNAOpt" time="29.663"/>
  <testcase classname="com.safexp.MDM.automation.pagelibraryNew.SafexpressEPaymentPage" name="epaymentAutoOpt" time="49.308"/>
  <testcase classname="com.safexp.MDM.automation.pagelibraryNew.SafexpressEPaymentPage" name="epaymentManualOpt" time="63.176"/>
  <testcase classname="com.safexp.MDM.automation.pagelibraryNew.SafexpressTrackPage" name="trackWaybillInfo" time="59.665"/>
  <testcase classname="com.safexp.MDM.automation.pagelibraryNew.SafexpressTrackPage" name="trackEwaybillInfo" time="52.656"/>
  <testcase classname="com.safexp.MDM.automation.pagelibraryNew.SafexpressTrackPage" name="trackInvoiceInfo" time="40.043"/>
  <testcase classname="com.safexp.MDM.automation.testcases.AllModules.MainTest_UAT" name="@AfterTest closeOpenWindow" time="0.0">
    <ignored/>
  </testcase> <!-- @AfterTest closeOpenWindow -->
  <testcase classname="com.safexp.MDM.automation.testcases.AllModules.MainTest_UAT" name="@AfterTest closeOpenWindow" time="0.0">
    <ignored/>
  </testcase> <!-- @AfterTest closeOpenWindow -->
  <testcase classname="com.safexp.MDM.automation.testcases.AllModules.MainTest_UAT" name="@BeforeTest appLaunch" time="0.0">
    <ignored/>
  </testcase> <!-- @BeforeTest appLaunch -->
  <testcase classname="com.safexp.MDM.automation.testcases.AllModules.MainTest_UAT" name="@BeforeTest appLaunch" time="0.0">
    <ignored/>
  </testcase> <!-- @BeforeTest appLaunch -->
</testsuite> <!-- Regression Test -->
