<?xml version="1.0" encoding="UTF-8"?>
<!-- Generated by org.testng.reporters.JUnitXMLReporter -->
<testsuite ignored="1" hostname="DLI10-IT-MADHAV" failures="0" tests="2" name="Test" time="65.086" errors="0" timestamp="2023-01-31T10:05:32 IST">
  <testcase classname="com.safexp.MDM.automation.pagelibraryNew.SafexpressBookNowPage" name="bookNow" time="28.31"/>
  <testcase classname="com.safexp.MDM.automation.pagelibraryNew.SafexpressTrackPage" name="track" time="26.318"/>
  <testcase classname="com.safexp.MDM.automation.testcases.AllModules.MainTest_UAT" name="@BeforeTest appLaunch" time="0.0">
    <ignored/>
  </testcase> <!-- @BeforeTest appLaunch -->
</testsuite> <!-- Test -->
