<?xml version="1.0" encoding="UTF-8"?>
<!-- Generated by org.testng.reporters.JUnitXMLReporter -->
<testsuite ignored="0" hostname="DLI10-IT-MADHAV" failures="0" tests="2" name="Functional_Test_1" time="72.864" errors="0" timestamp="2023-01-30T19:28:34 IST">
  <testcase classname="com.safexp.MDM.automation.testcases.AllModules.MainTest_RunTest" name="track" time="26.642"/>
  <testcase classname="com.safexp.MDM.automation.testcases.AllModules.MainTest_RunTest" name="bookNow" time="28.076"/>
</testsuite> <!-- Functional_Test_1 -->
