<?xml version="1.0" encoding="UTF-8"?>
<!-- Generated by org.testng.reporters.JUnitXMLReporter -->
<testsuite ignored="0" hostname="DLI10-IT-MADHAV" failures="0" tests="2" name="RegressionTest_edge" time="83.41" errors="0" timestamp="2023-01-30T23:02:45 IST">
  <testcase classname="com.safexp.MDM.automation.testcases.AllModules.MainTest_RunTest" name="track" time="26.411"/>
  <testcase classname="com.safexp.MDM.automation.testcases.AllModules.MainTest_RunTest" name="bookNow" time="30.465"/>
</testsuite> <!-- RegressionTest_edge -->
