<?xml version="1.0" encoding="UTF-8"?>
<!-- Generated by org.testng.reporters.JUnitXMLReporter -->
<testsuite ignored="0" hostname="DLI10-IT-MADHAV" failures="0" tests="2" name="ResgressionTest_chrome" time="74.038" errors="0" timestamp="2023-02-01T11:49:20 IST">
  <testcase classname="com.safexp.MDM.automation.testcases.AllModules.MainTest_RunTest" name="track" time="30.544"/>
  <testcase classname="com.safexp.MDM.automation.testcases.AllModules.MainTest_RunTest" name="bookNow" time="32.76"/>
</testsuite> <!-- ResgressionTest_chrome -->
